2014/03/14 02:25:16 [error] [exception.CException] exception 'CException' with message 'Property "CUrlManager.showSriptName" is not defined.' in /Applications/XAMPP/xamppfiles/htdocs/EDUCAnet/framework/base/CComponent.php:173
Stack trace:
#0 /Applications/XAMPP/xamppfiles/htdocs/EDUCAnet/framework/YiiBase.php(220): CComponent->__set('showSriptName', false)
#1 /Applications/XAMPP/xamppfiles/htdocs/EDUCAnet/framework/base/CModule.php(386): YiiBase::createComponent(Array)
#2 /Applications/XAMPP/xamppfiles/htdocs/EDUCAnet/framework/base/CApplication.php(522): CModule->getComponent('urlManager')
#3 /Applications/XAMPP/xamppfiles/htdocs/EDUCAnet/framework/web/CWebApplication.php(140): CApplication->getUrlManager()
#4 /Applications/XAMPP/xamppfiles/htdocs/EDUCAnet/framework/base/CApplication.php(180): CWebApplication->processRequest()
#5 /Applications/XAMPP/xamppfiles/htdocs/EDUCAnet/EDUCAnet/index.php(13): CApplication->run()
#6 {main}
REQUEST_URI=/EDUCAnet/EDUCAnet/index.php
---
2014/03/14 02:26:48 [error] [exception.CException] exception 'CException' with message 'Property "CUrlManager.showSriptName" is not defined.' in /Applications/XAMPP/xamppfiles/htdocs/EDUCAnet/framework/base/CComponent.php:173
Stack trace:
#0 /Applications/XAMPP/xamppfiles/htdocs/EDUCAnet/framework/YiiBase.php(220): CComponent->__set('showSriptName', false)
#1 /Applications/XAMPP/xamppfiles/htdocs/EDUCAnet/framework/base/CModule.php(386): YiiBase::createComponent(Array)
#2 /Applications/XAMPP/xamppfiles/htdocs/EDUCAnet/framework/base/CApplication.php(522): CModule->getComponent('urlManager')
#3 /Applications/XAMPP/xamppfiles/htdocs/EDUCAnet/framework/web/CWebApplication.php(140): CApplication->getUrlManager()
#4 /Applications/XAMPP/xamppfiles/htdocs/EDUCAnet/framework/base/CApplication.php(180): CWebApplication->processRequest()
#5 /Applications/XAMPP/xamppfiles/htdocs/EDUCAnet/EDUCAnet/index.php(13): CApplication->run()
#6 {main}
REQUEST_URI=/EDUCAnet/EDUCAnet/index.php
---
2014/03/14 02:33:56 [error] [exception.CException] exception 'CException' with message 'Property "CUrlManager.showSriptName" is not defined.' in /Applications/XAMPP/xamppfiles/htdocs/EDUCAnet/framework/base/CComponent.php:173
Stack trace:
#0 /Applications/XAMPP/xamppfiles/htdocs/EDUCAnet/framework/YiiBase.php(220): CComponent->__set('showSriptName', false)
#1 /Applications/XAMPP/xamppfiles/htdocs/EDUCAnet/framework/base/CModule.php(386): YiiBase::createComponent(Array)
#2 /Applications/XAMPP/xamppfiles/htdocs/EDUCAnet/framework/base/CApplication.php(522): CModule->getComponent('urlManager')
#3 /Applications/XAMPP/xamppfiles/htdocs/EDUCAnet/framework/web/CWebApplication.php(140): CApplication->getUrlManager()
#4 /Applications/XAMPP/xamppfiles/htdocs/EDUCAnet/framework/base/CApplication.php(180): CWebApplication->processRequest()
#5 /Applications/XAMPP/xamppfiles/htdocs/EDUCAnet/EDUCAnet/index.php(13): CApplication->run()
#6 {main}
REQUEST_URI=/EDUCAnet/EDUCAnet/index.php
---
2014/03/14 02:37:11 [error] [exception.CException] exception 'CException' with message 'Property "CUrlManager.showSriptName" is not defined.' in /Applications/XAMPP/xamppfiles/htdocs/EDUCAnet/framework/base/CComponent.php:173
Stack trace:
#0 /Applications/XAMPP/xamppfiles/htdocs/EDUCAnet/framework/YiiBase.php(220): CComponent->__set('showSriptName', false)
#1 /Applications/XAMPP/xamppfiles/htdocs/EDUCAnet/framework/base/CModule.php(386): YiiBase::createComponent(Array)
#2 /Applications/XAMPP/xamppfiles/htdocs/EDUCAnet/framework/base/CApplication.php(522): CModule->getComponent('urlManager')
#3 /Applications/XAMPP/xamppfiles/htdocs/EDUCAnet/framework/web/CWebApplication.php(140): CApplication->getUrlManager()
#4 /Applications/XAMPP/xamppfiles/htdocs/EDUCAnet/framework/base/CApplication.php(180): CWebApplication->processRequest()
#5 /Applications/XAMPP/xamppfiles/htdocs/EDUCAnet/EDUCAnet/index.php(13): CApplication->run()
#6 {main}
REQUEST_URI=/EDUCAnet/EDUCAnet/index.php
---
2014/03/14 02:47:21 [error] [exception.CException] exception 'CException' with message 'Property "CUrlManager.showSriptName" is not defined.' in /Applications/XAMPP/xamppfiles/htdocs/EDUCAnet/framework/base/CComponent.php:173
Stack trace:
#0 /Applications/XAMPP/xamppfiles/htdocs/EDUCAnet/framework/YiiBase.php(220): CComponent->__set('showSriptName', false)
#1 /Applications/XAMPP/xamppfiles/htdocs/EDUCAnet/framework/base/CModule.php(386): YiiBase::createComponent(Array)
#2 /Applications/XAMPP/xamppfiles/htdocs/EDUCAnet/framework/base/CApplication.php(522): CModule->getComponent('urlManager')
#3 /Applications/XAMPP/xamppfiles/htdocs/EDUCAnet/framework/web/CWebApplication.php(140): CApplication->getUrlManager()
#4 /Applications/XAMPP/xamppfiles/htdocs/EDUCAnet/framework/base/CApplication.php(180): CWebApplication->processRequest()
#5 /Applications/XAMPP/xamppfiles/htdocs/EDUCAnet/EDUCAnet/index.php(13): CApplication->run()
#6 {main}
REQUEST_URI=/EDUCAnet/EDUCAnet/index.php
---
2014/03/14 03:12:08 [error] [php] Use of undefined constant php - assumed 'php' (/Applications/XAMPP/xamppfiles/htdocs/EDUCAnet/EDUCAnet/protected/views/layouts/main.php:18)
Stack trace:
#0 /Applications/XAMPP/xamppfiles/htdocs/EDUCAnet/framework/web/widgets/CContentDecorator.php(76): SiteController->renderFile()
#1 /Applications/XAMPP/xamppfiles/htdocs/EDUCAnet/framework/web/widgets/CContentDecorator.php(54): CContentDecorator->decorate()
#2 /Applications/XAMPP/xamppfiles/htdocs/EDUCAnet/framework/web/widgets/COutputProcessor.php(44): CContentDecorator->processOutput()
#3 /Applications/XAMPP/xamppfiles/htdocs/EDUCAnet/framework/web/CBaseController.php(206): CContentDecorator->run()
#4 /Applications/XAMPP/xamppfiles/htdocs/EDUCAnet/framework/web/CBaseController.php(300): SiteController->endWidget()
#5 /Applications/XAMPP/xamppfiles/htdocs/EDUCAnet/EDUCAnet/protected/views/layouts/column1.php(6): SiteController->endContent()
#6 /Applications/XAMPP/xamppfiles/htdocs/EDUCAnet/framework/web/CBaseController.php(126): require()
#7 /Applications/XAMPP/xamppfiles/htdocs/EDUCAnet/framework/web/CBaseController.php(95): SiteController->renderInternal()
#8 /Applications/XAMPP/xamppfiles/htdocs/EDUCAnet/framework/web/CController.php(784): SiteController->renderFile()
#9 /Applications/XAMPP/xamppfiles/htdocs/EDUCAnet/EDUCAnet/protected/controllers/SiteController.php(32): SiteController->render()
#10 /Applications/XAMPP/xamppfiles/htdocs/EDUCAnet/framework/web/actions/CInlineAction.php(49): SiteController->actionIndex()
#11 /Applications/XAMPP/xamppfiles/htdocs/EDUCAnet/framework/web/CController.php(308): CInlineAction->runWithParams()
#12 /Applications/XAMPP/xamppfiles/htdocs/EDUCAnet/framework/web/CController.php(286): SiteController->runAction()
#13 /Applications/XAMPP/xamppfiles/htdocs/EDUCAnet/framework/web/CController.php(265): SiteController->runActionWithFilters()
#14 /Applications/XAMPP/xamppfiles/htdocs/EDUCAnet/framework/web/CWebApplication.php(282): SiteController->run()
#15 /Applications/XAMPP/xamppfiles/htdocs/EDUCAnet/framework/web/CWebApplication.php(141): CWebApplication->runController()
#16 /Applications/XAMPP/xamppfiles/htdocs/EDUCAnet/framework/base/CApplication.php(180): CWebApplication->processRequest()
#17 /Applications/XAMPP/xamppfiles/htdocs/EDUCAnet/EDUCAnet/index.php(13): CWebApplication->run()
REQUEST_URI=/EDUCAnet/EDUCAnet/index.php
in /Applications/XAMPP/xamppfiles/htdocs/EDUCAnet/EDUCAnet/protected/views/layouts/main.php (18)
in /Applications/XAMPP/xamppfiles/htdocs/EDUCAnet/EDUCAnet/protected/views/layouts/column1.php (6)
in /Applications/XAMPP/xamppfiles/htdocs/EDUCAnet/EDUCAnet/protected/controllers/SiteController.php (32)
2014/03/14 03:18:11 [error] [exception.CException] exception 'CException' with message 'Alias "bootstrap.components.Bootstrap" is invalid. Make sure it points to an existing PHP file and the file is readable.' in /Applications/XAMPP/xamppfiles/htdocs/EDUCAnet/framework/YiiBase.php:322
Stack trace:
#0 /Applications/XAMPP/xamppfiles/htdocs/EDUCAnet/framework/YiiBase.php(196): YiiBase::import('bootstrap.compo...', true)
#1 /Applications/XAMPP/xamppfiles/htdocs/EDUCAnet/framework/base/CModule.php(386): YiiBase::createComponent(Array)
#2 /Applications/XAMPP/xamppfiles/htdocs/EDUCAnet/framework/base/CModule.php(103): CModule->getComponent('bootstrap')
#3 /Applications/XAMPP/xamppfiles/htdocs/EDUCAnet/EDUCAnet/protected/views/layouts/main.php(8): CModule->__get('bootstrap')
#4 /Applications/XAMPP/xamppfiles/htdocs/EDUCAnet/framework/web/CBaseController.php(126): require('/Applications/X...')
#5 /Applications/XAMPP/xamppfiles/htdocs/EDUCAnet/framework/web/CBaseController.php(95): CBaseController->renderInternal('/Applications/X...', Array, true)
#6 /Applications/XAMPP/xamppfiles/htdocs/EDUCAnet/framework/web/widgets/CContentDecorator.php(76): CBaseController->renderFile('/Applications/X...', Array, true)
#7 /Applications/XAMPP/xamppfiles/htdocs/EDUCAnet/framework/web/widgets/CContentDecorator.php(54): CContentDecorator->decorate('<div id="conten...')
#8 /Applications/XAMPP/xamppfiles/htdocs/EDUCAnet/framework/web/widgets/COutputProcessor.php(44): CContentDecorator->processOutput('<div id="conten...')
#9 /Applications/XAMPP/xamppfiles/htdocs/EDUCAnet/framework/web/CBaseController.php(206): COutputProcessor->run()
#10 /Applications/XAMPP/xamppfiles/htdocs/EDUCAnet/framework/web/CBaseController.php(300): CBaseController->endWidget('CContentDecorat...')
#11 /Applications/XAMPP/xamppfiles/htdocs/EDUCAnet/EDUCAnet/protected/views/layouts/column1.php(6): CBaseController->endContent()
#12 /Applications/XAMPP/xamppfiles/htdocs/EDUCAnet/framework/web/CBaseController.php(126): require('/Applications/X...')
#13 /Applications/XAMPP/xamppfiles/htdocs/EDUCAnet/framework/web/CBaseController.php(95): CBaseController->renderInternal('/Applications/X...', Array, true)
#14 /Applications/XAMPP/xamppfiles/htdocs/EDUCAnet/framework/web/CController.php(784): CBaseController->renderFile('/Applications/X...', Array, true)
#15 /Applications/XAMPP/xamppfiles/htdocs/EDUCAnet/EDUCAnet/protected/controllers/SiteController.php(32): CController->render('index')
#16 /Applications/XAMPP/xamppfiles/htdocs/EDUCAnet/framework/web/actions/CInlineAction.php(49): SiteController->actionIndex()
#17 /Applications/XAMPP/xamppfiles/htdocs/EDUCAnet/framework/web/CController.php(308): CInlineAction->runWithParams(Array)
#18 /Applications/XAMPP/xamppfiles/htdocs/EDUCAnet/framework/web/CController.php(286): CController->runAction(Object(CInlineAction))
#19 /Applications/XAMPP/xamppfiles/htdocs/EDUCAnet/framework/web/CController.php(265): CController->runActionWithFilters(Object(CInlineAction), Array)
#20 /Applications/XAMPP/xamppfiles/htdocs/EDUCAnet/framework/web/CWebApplication.php(282): CController->run('')
#21 /Applications/XAMPP/xamppfiles/htdocs/EDUCAnet/framework/web/CWebApplication.php(141): CWebApplication->runController('')
#22 /Applications/XAMPP/xamppfiles/htdocs/EDUCAnet/framework/base/CApplication.php(180): CWebApplication->processRequest()
#23 /Applications/XAMPP/xamppfiles/htdocs/EDUCAnet/EDUCAnet/index.php(13): CApplication->run()
#24 {main}
REQUEST_URI=/EDUCAnet/EDUCAnet/index.php
---
2014/03/14 03:22:28 [error] [exception.CException] exception 'CException' with message 'Alias "bootstrap.components.Bootstrap" is invalid. Make sure it points to an existing PHP file and the file is readable.' in /Applications/XAMPP/xamppfiles/htdocs/EDUCAnet/framework/YiiBase.php:322
Stack trace:
#0 /Applications/XAMPP/xamppfiles/htdocs/EDUCAnet/framework/YiiBase.php(196): YiiBase::import('bootstrap.compo...', true)
#1 /Applications/XAMPP/xamppfiles/htdocs/EDUCAnet/framework/base/CModule.php(386): YiiBase::createComponent(Array)
#2 /Applications/XAMPP/xamppfiles/htdocs/EDUCAnet/framework/base/CModule.php(103): CModule->getComponent('bootstrap')
#3 /Applications/XAMPP/xamppfiles/htdocs/EDUCAnet/EDUCAnet/protected/views/layouts/main.php(8): CModule->__get('bootstrap')
#4 /Applications/XAMPP/xamppfiles/htdocs/EDUCAnet/framework/web/CBaseController.php(126): require('/Applications/X...')
#5 /Applications/XAMPP/xamppfiles/htdocs/EDUCAnet/framework/web/CBaseController.php(95): CBaseController->renderInternal('/Applications/X...', Array, true)
#6 /Applications/XAMPP/xamppfiles/htdocs/EDUCAnet/framework/web/widgets/CContentDecorator.php(76): CBaseController->renderFile('/Applications/X...', Array, true)
#7 /Applications/XAMPP/xamppfiles/htdocs/EDUCAnet/framework/web/widgets/CContentDecorator.php(54): CContentDecorator->decorate('<div id="conten...')
#8 /Applications/XAMPP/xamppfiles/htdocs/EDUCAnet/framework/web/widgets/COutputProcessor.php(44): CContentDecorator->processOutput('<div id="conten...')
#9 /Applications/XAMPP/xamppfiles/htdocs/EDUCAnet/framework/web/CBaseController.php(206): COutputProcessor->run()
#10 /Applications/XAMPP/xamppfiles/htdocs/EDUCAnet/framework/web/CBaseController.php(300): CBaseController->endWidget('CContentDecorat...')
#11 /Applications/XAMPP/xamppfiles/htdocs/EDUCAnet/EDUCAnet/protected/views/layouts/column1.php(6): CBaseController->endContent()
#12 /Applications/XAMPP/xamppfiles/htdocs/EDUCAnet/framework/web/CBaseController.php(126): require('/Applications/X...')
#13 /Applications/XAMPP/xamppfiles/htdocs/EDUCAnet/framework/web/CBaseController.php(95): CBaseController->renderInternal('/Applications/X...', Array, true)
#14 /Applications/XAMPP/xamppfiles/htdocs/EDUCAnet/framework/web/CController.php(784): CBaseController->renderFile('/Applications/X...', Array, true)
#15 /Applications/XAMPP/xamppfiles/htdocs/EDUCAnet/EDUCAnet/protected/controllers/SiteController.php(32): CController->render('index')
#16 /Applications/XAMPP/xamppfiles/htdocs/EDUCAnet/framework/web/actions/CInlineAction.php(49): SiteController->actionIndex()
#17 /Applications/XAMPP/xamppfiles/htdocs/EDUCAnet/framework/web/CController.php(308): CInlineAction->runWithParams(Array)
#18 /Applications/XAMPP/xamppfiles/htdocs/EDUCAnet/framework/web/CController.php(286): CController->runAction(Object(CInlineAction))
#19 /Applications/XAMPP/xamppfiles/htdocs/EDUCAnet/framework/web/CController.php(265): CController->runActionWithFilters(Object(CInlineAction), Array)
#20 /Applications/XAMPP/xamppfiles/htdocs/EDUCAnet/framework/web/CWebApplication.php(282): CController->run('')
#21 /Applications/XAMPP/xamppfiles/htdocs/EDUCAnet/framework/web/CWebApplication.php(141): CWebApplication->runController('')
#22 /Applications/XAMPP/xamppfiles/htdocs/EDUCAnet/framework/base/CApplication.php(180): CWebApplication->processRequest()
#23 /Applications/XAMPP/xamppfiles/htdocs/EDUCAnet/EDUCAnet/index.php(13): CApplication->run()
#24 {main}
REQUEST_URI=/EDUCAnet/EDUCAnet/index.php
---
2014/03/14 03:22:38 [error] [exception.CException] exception 'CException' with message 'Alias "bootstrap.components.Bootstrap" is invalid. Make sure it points to an existing PHP file and the file is readable.' in /Applications/XAMPP/xamppfiles/htdocs/EDUCAnet/framework/YiiBase.php:322
Stack trace:
#0 /Applications/XAMPP/xamppfiles/htdocs/EDUCAnet/framework/YiiBase.php(196): YiiBase::import('bootstrap.compo...', true)
#1 /Applications/XAMPP/xamppfiles/htdocs/EDUCAnet/framework/base/CModule.php(386): YiiBase::createComponent(Array)
#2 /Applications/XAMPP/xamppfiles/htdocs/EDUCAnet/framework/base/CModule.php(103): CModule->getComponent('bootstrap')
#3 /Applications/XAMPP/xamppfiles/htdocs/EDUCAnet/EDUCAnet/protected/views/layouts/main.php(8): CModule->__get('bootstrap')
#4 /Applications/XAMPP/xamppfiles/htdocs/EDUCAnet/framework/web/CBaseController.php(126): require('/Applications/X...')
#5 /Applications/XAMPP/xamppfiles/htdocs/EDUCAnet/framework/web/CBaseController.php(95): CBaseController->renderInternal('/Applications/X...', Array, true)
#6 /Applications/XAMPP/xamppfiles/htdocs/EDUCAnet/framework/web/widgets/CContentDecorator.php(76): CBaseController->renderFile('/Applications/X...', Array, true)
#7 /Applications/XAMPP/xamppfiles/htdocs/EDUCAnet/framework/web/widgets/CContentDecorator.php(54): CContentDecorator->decorate('<div id="conten...')
#8 /Applications/XAMPP/xamppfiles/htdocs/EDUCAnet/framework/web/widgets/COutputProcessor.php(44): CContentDecorator->processOutput('<div id="conten...')
#9 /Applications/XAMPP/xamppfiles/htdocs/EDUCAnet/framework/web/CBaseController.php(206): COutputProcessor->run()
#10 /Applications/XAMPP/xamppfiles/htdocs/EDUCAnet/framework/web/CBaseController.php(300): CBaseController->endWidget('CContentDecorat...')
#11 /Applications/XAMPP/xamppfiles/htdocs/EDUCAnet/EDUCAnet/protected/views/layouts/column1.php(6): CBaseController->endContent()
#12 /Applications/XAMPP/xamppfiles/htdocs/EDUCAnet/framework/web/CBaseController.php(126): require('/Applications/X...')
#13 /Applications/XAMPP/xamppfiles/htdocs/EDUCAnet/framework/web/CBaseController.php(95): CBaseController->renderInternal('/Applications/X...', Array, true)
#14 /Applications/XAMPP/xamppfiles/htdocs/EDUCAnet/framework/web/CController.php(784): CBaseController->renderFile('/Applications/X...', Array, true)
#15 /Applications/XAMPP/xamppfiles/htdocs/EDUCAnet/EDUCAnet/protected/controllers/SiteController.php(32): CController->render('index')
#16 /Applications/XAMPP/xamppfiles/htdocs/EDUCAnet/framework/web/actions/CInlineAction.php(49): SiteController->actionIndex()
#17 /Applications/XAMPP/xamppfiles/htdocs/EDUCAnet/framework/web/CController.php(308): CInlineAction->runWithParams(Array)
#18 /Applications/XAMPP/xamppfiles/htdocs/EDUCAnet/framework/web/CController.php(286): CController->runAction(Object(CInlineAction))
#19 /Applications/XAMPP/xamppfiles/htdocs/EDUCAnet/framework/web/CController.php(265): CController->runActionWithFilters(Object(CInlineAction), Array)
#20 /Applications/XAMPP/xamppfiles/htdocs/EDUCAnet/framework/web/CWebApplication.php(282): CController->run('')
#21 /Applications/XAMPP/xamppfiles/htdocs/EDUCAnet/framework/web/CWebApplication.php(141): CWebApplication->runController('')
#22 /Applications/XAMPP/xamppfiles/htdocs/EDUCAnet/framework/base/CApplication.php(180): CWebApplication->processRequest()
#23 /Applications/XAMPP/xamppfiles/htdocs/EDUCAnet/EDUCAnet/index.php(13): CApplication->run()
#24 {main}
REQUEST_URI=/EDUCAnet/EDUCAnet/index.php
---
2014/03/14 03:22:43 [error] [exception.CException] exception 'CException' with message 'Alias "bootstrap.components.Bootstrap" is invalid. Make sure it points to an existing PHP file and the file is readable.' in /Applications/XAMPP/xamppfiles/htdocs/EDUCAnet/framework/YiiBase.php:322
Stack trace:
#0 /Applications/XAMPP/xamppfiles/htdocs/EDUCAnet/framework/YiiBase.php(196): YiiBase::import('bootstrap.compo...', true)
#1 /Applications/XAMPP/xamppfiles/htdocs/EDUCAnet/framework/base/CModule.php(386): YiiBase::createComponent(Array)
#2 /Applications/XAMPP/xamppfiles/htdocs/EDUCAnet/framework/base/CModule.php(103): CModule->getComponent('bootstrap')
#3 /Applications/XAMPP/xamppfiles/htdocs/EDUCAnet/EDUCAnet/protected/views/layouts/main.php(8): CModule->__get('bootstrap')
#4 /Applications/XAMPP/xamppfiles/htdocs/EDUCAnet/framework/web/CBaseController.php(126): require('/Applications/X...')
#5 /Applications/XAMPP/xamppfiles/htdocs/EDUCAnet/framework/web/CBaseController.php(95): CBaseController->renderInternal('/Applications/X...', Array, true)
#6 /Applications/XAMPP/xamppfiles/htdocs/EDUCAnet/framework/web/widgets/CContentDecorator.php(76): CBaseController->renderFile('/Applications/X...', Array, true)
#7 /Applications/XAMPP/xamppfiles/htdocs/EDUCAnet/framework/web/widgets/CContentDecorator.php(54): CContentDecorator->decorate('<div id="conten...')
#8 /Applications/XAMPP/xamppfiles/htdocs/EDUCAnet/framework/web/widgets/COutputProcessor.php(44): CContentDecorator->processOutput('<div id="conten...')
#9 /Applications/XAMPP/xamppfiles/htdocs/EDUCAnet/framework/web/CBaseController.php(206): COutputProcessor->run()
#10 /Applications/XAMPP/xamppfiles/htdocs/EDUCAnet/framework/web/CBaseController.php(300): CBaseController->endWidget('CContentDecorat...')
#11 /Applications/XAMPP/xamppfiles/htdocs/EDUCAnet/EDUCAnet/protected/views/layouts/column1.php(6): CBaseController->endContent()
#12 /Applications/XAMPP/xamppfiles/htdocs/EDUCAnet/framework/web/CBaseController.php(126): require('/Applications/X...')
#13 /Applications/XAMPP/xamppfiles/htdocs/EDUCAnet/framework/web/CBaseController.php(95): CBaseController->renderInternal('/Applications/X...', Array, true)
#14 /Applications/XAMPP/xamppfiles/htdocs/EDUCAnet/framework/web/CController.php(784): CBaseController->renderFile('/Applications/X...', Array, true)
#15 /Applications/XAMPP/xamppfiles/htdocs/EDUCAnet/EDUCAnet/protected/controllers/SiteController.php(32): CController->render('index')
#16 /Applications/XAMPP/xamppfiles/htdocs/EDUCAnet/framework/web/actions/CInlineAction.php(49): SiteController->actionIndex()
#17 /Applications/XAMPP/xamppfiles/htdocs/EDUCAnet/framework/web/CController.php(308): CInlineAction->runWithParams(Array)
#18 /Applications/XAMPP/xamppfiles/htdocs/EDUCAnet/framework/web/CController.php(286): CController->runAction(Object(CInlineAction))
#19 /Applications/XAMPP/xamppfiles/htdocs/EDUCAnet/framework/web/CController.php(265): CController->runActionWithFilters(Object(CInlineAction), Array)
#20 /Applications/XAMPP/xamppfiles/htdocs/EDUCAnet/framework/web/CWebApplication.php(282): CController->run('')
#21 /Applications/XAMPP/xamppfiles/htdocs/EDUCAnet/framework/web/CWebApplication.php(141): CWebApplication->runController('')
#22 /Applications/XAMPP/xamppfiles/htdocs/EDUCAnet/framework/base/CApplication.php(180): CWebApplication->processRequest()
#23 /Applications/XAMPP/xamppfiles/htdocs/EDUCAnet/EDUCAnet/index.php(13): CApplication->run()
#24 {main}
REQUEST_URI=/EDUCAnet/EDUCAnet/index.php
---
2014/03/14 03:24:09 [error] [exception.CException] exception 'CException' with message 'Alias "bootstrap.components.Bootstrap" is invalid. Make sure it points to an existing PHP file and the file is readable.' in /Applications/XAMPP/xamppfiles/htdocs/EDUCAnet/framework/YiiBase.php:322
Stack trace:
#0 /Applications/XAMPP/xamppfiles/htdocs/EDUCAnet/framework/YiiBase.php(196): YiiBase::import('bootstrap.compo...', true)
#1 /Applications/XAMPP/xamppfiles/htdocs/EDUCAnet/framework/base/CModule.php(386): YiiBase::createComponent(Array)
#2 /Applications/XAMPP/xamppfiles/htdocs/EDUCAnet/framework/base/CModule.php(103): CModule->getComponent('bootstrap')
#3 /Applications/XAMPP/xamppfiles/htdocs/EDUCAnet/EDUCAnet/protected/views/layouts/main.php(8): CModule->__get('bootstrap')
#4 /Applications/XAMPP/xamppfiles/htdocs/EDUCAnet/framework/web/CBaseController.php(126): require('/Applications/X...')
#5 /Applications/XAMPP/xamppfiles/htdocs/EDUCAnet/framework/web/CBaseController.php(95): CBaseController->renderInternal('/Applications/X...', Array, true)
#6 /Applications/XAMPP/xamppfiles/htdocs/EDUCAnet/framework/web/widgets/CContentDecorator.php(76): CBaseController->renderFile('/Applications/X...', Array, true)
#7 /Applications/XAMPP/xamppfiles/htdocs/EDUCAnet/framework/web/widgets/CContentDecorator.php(54): CContentDecorator->decorate('<div id="conten...')
#8 /Applications/XAMPP/xamppfiles/htdocs/EDUCAnet/framework/web/widgets/COutputProcessor.php(44): CContentDecorator->processOutput('<div id="conten...')
#9 /Applications/XAMPP/xamppfiles/htdocs/EDUCAnet/framework/web/CBaseController.php(206): COutputProcessor->run()
#10 /Applications/XAMPP/xamppfiles/htdocs/EDUCAnet/framework/web/CBaseController.php(300): CBaseController->endWidget('CContentDecorat...')
#11 /Applications/XAMPP/xamppfiles/htdocs/EDUCAnet/EDUCAnet/protected/views/layouts/column1.php(6): CBaseController->endContent()
#12 /Applications/XAMPP/xamppfiles/htdocs/EDUCAnet/framework/web/CBaseController.php(126): require('/Applications/X...')
#13 /Applications/XAMPP/xamppfiles/htdocs/EDUCAnet/framework/web/CBaseController.php(95): CBaseController->renderInternal('/Applications/X...', Array, true)
#14 /Applications/XAMPP/xamppfiles/htdocs/EDUCAnet/framework/web/CController.php(784): CBaseController->renderFile('/Applications/X...', Array, true)
#15 /Applications/XAMPP/xamppfiles/htdocs/EDUCAnet/EDUCAnet/protected/controllers/SiteController.php(32): CController->render('index')
#16 /Applications/XAMPP/xamppfiles/htdocs/EDUCAnet/framework/web/actions/CInlineAction.php(49): SiteController->actionIndex()
#17 /Applications/XAMPP/xamppfiles/htdocs/EDUCAnet/framework/web/CController.php(308): CInlineAction->runWithParams(Array)
#18 /Applications/XAMPP/xamppfiles/htdocs/EDUCAnet/framework/web/CController.php(286): CController->runAction(Object(CInlineAction))
#19 /Applications/XAMPP/xamppfiles/htdocs/EDUCAnet/framework/web/CController.php(265): CController->runActionWithFilters(Object(CInlineAction), Array)
#20 /Applications/XAMPP/xamppfiles/htdocs/EDUCAnet/framework/web/CWebApplication.php(282): CController->run('')
#21 /Applications/XAMPP/xamppfiles/htdocs/EDUCAnet/framework/web/CWebApplication.php(141): CWebApplication->runController('')
#22 /Applications/XAMPP/xamppfiles/htdocs/EDUCAnet/framework/base/CApplication.php(180): CWebApplication->processRequest()
#23 /Applications/XAMPP/xamppfiles/htdocs/EDUCAnet/EDUCAnet/index.php(13): CApplication->run()
#24 {main}
REQUEST_URI=/EDUCAnet/EDUCAnet/index.php
---
